<?xml version="1.0" encoding="UTF-8"?>
<!-- Generated by org.testng.reporters.JUnitXMLReporter -->
<testsuite ignored="0" hostname="LAPTOP-QQ0D4I19" failures="0" tests="19" name="TestNgNhapHang" time="1.281" errors="0" timestamp="2021-11-27T20:34:08 ICT">
  <testcase classname="com.poly.TestCase.NhapHangTest" name="NH_TC001_find_ByDateSuccess" time="0.129"/>
  <testcase classname="com.poly.TestCase.NhapHangTest" name="NH_TC002_find_ByDateFailed" time="0.001"/>
  <testcase classname="com.poly.TestCase.NhapHangTest" name="NH_TC003_find_ByIDSuccess" time="0.031"/>
  <testcase classname="com.poly.TestCase.NhapHangTest" name="NH_TC004_find_ByIDFailed" time="0.031"/>
  <testcase classname="com.poly.TestCase.NhapHangTest" name="NH_TC005_find_ByDateFailed" time="0.028"/>
  <testcase classname="com.poly.TestCase.NhapHangTest" name="NH_TC006_find_BytowSuccess" time="0.028"/>
  <testcase classname="com.poly.TestCase.NhapHangTest" name="NH_TC007_find_BytowFailed" time="0.032"/>
  <testcase classname="com.poly.TestCase.NhapHangTest" name="NH_TC008_find_BytowFailed" time="0.001"/>
  <testcase classname="com.poly.TestCase.NhapHangTest" name="NH_TC009_find_BytowFailed" time="0.001"/>
  <testcase classname="com.poly.TestCase.NhapHangTest" name="NH_TC010_insertFailed" time="0.04"/>
  <testcase classname="com.poly.TestCase.NhapHangTest" name="NH_TC011_insertFailed" time="0.002"/>
  <testcase classname="com.poly.TestCase.NhapHangTest" name="NH_TC012_insertFailed" time="0.077"/>
  <testcase classname="com.poly.TestCase.NhapHangTest" name="NH_TC013_insertFailed" time="0.001"/>
  <testcase classname="com.poly.TestCase.NhapHangTest" name="NH_TC014_insertFailed" time="0.001"/>
  <testcase classname="com.poly.TestCase.NhapHangTest" name="NH_TC015_insertFailed" time="0.001"/>
  <testcase classname="com.poly.TestCase.NhapHangTest" name="NH_TC016_insertFailed" time="0.085"/>
  <testcase classname="com.poly.TestCase.NhapHangTest" name="NH_TC017_selectallSuccess" time="0.043"/>
  <testcase classname="com.poly.TestCase.NhapHangTest" name="NH_TC018_selectallFailed" time="0.029"/>
  <testcase classname="com.poly.TestCase.NhapHangTest" name="NH_TC019_insertSuccess" time="0.093"/>
</testsuite> <!-- TestNgNhapHang -->
