<?xml version="1.0" encoding="UTF-8"?>
<!-- Generated by org.testng.reporters.JUnitXMLReporter -->
<testsuite ignored="0" hostname="LAPTOP-QQ0D4I19" failures="0" tests="11" name="Test" time="0.785" errors="0" timestamp="2021-11-24T14:02:56 ICT">
  <testcase classname="com.poly.TestCase.NhomThuocTest" name="DVT_TC004_UpdateSuccess" time="0.093"/>
  <testcase classname="com.poly.TestCase.NhomThuocTest" name="DVT_TC005_UpdateFailed" time="0.001"/>
  <testcase classname="com.poly.TestCase.NhomThuocTest" name="DVT_TC006_UpdateFailed" time="0.001"/>
  <testcase classname="com.poly.TestCase.NhomThuocTest" name="DVT_TC007_DeleteSuccess" time="0.048"/>
  <testcase classname="com.poly.TestCase.NhomThuocTest" name="DVT_TC008_DeleteFailed" time="0.042"/>
  <testcase classname="com.poly.TestCase.NhomThuocTest" name="NT_TC001_insertSuccess" time="0.003"/>
  <testcase classname="com.poly.TestCase.NhomThuocTest" name="NT_TC002_insertFailed" time="0.001"/>
  <testcase classname="com.poly.TestCase.NhomThuocTest" name="NT_TC003_insertFailed" time="0.001"/>
  <testcase classname="com.poly.TestCase.NhomThuocTest" name="TT_TC009_FindSuccess" time="0.083"/>
  <testcase classname="com.poly.TestCase.NhomThuocTest" name="TT_TC010_FindFailed" time="0.035"/>
  <testcase classname="com.poly.TestCase.NhomThuocTest" name="TT_TC011_FindListSuccess" time="0.047"/>
</testsuite> <!-- Test -->
