<?xml version="1.0" encoding="UTF-8"?>
<!-- Generated by org.testng.reporters.JUnitXMLReporter -->
<testsuite ignored="0" hostname="LAPTOP-QQ0D4I19" failures="0" tests="7" name="TestNGBanHangCT" time="1.064" errors="0" timestamp="2021-11-29T09:22:27 ICT">
  <testcase classname="com.poly.TestCase.BanHangCTTest" name="BHCT_TC001_findbyIDSucess" time="0.134"/>
  <testcase classname="com.poly.TestCase.BanHangCTTest" name="BHCT_TC002_findbyIDFailed" time="0.029"/>
  <testcase classname="com.poly.TestCase.BanHangCTTest" name="BHCT_TC003_insertSuccess" time="0.093"/>
  <testcase classname="com.poly.TestCase.BanHangCTTest" name="BHCT_TC004_insertFailed" time="0.057"/>
  <testcase classname="com.poly.TestCase.BanHangCTTest" name="BHCT_TC005_insertFailed" time="0.063"/>
  <testcase classname="com.poly.TestCase.BanHangCTTest" name="BHCT_TC006_insertFailed" time="0.002"/>
  <testcase classname="com.poly.TestCase.BanHangCTTest" name="BHCT_TC007_insertFailed" time="0.003"/>
</testsuite> <!-- TestNGBanHangCT -->
