<?xml version="1.0" encoding="UTF-8"?>
<!-- Generated by org.testng.reporters.JUnitXMLReporter -->
<testsuite ignored="0" hostname="LAPTOP-QQ0D4I19" failures="0" tests="27" name="TestNGSanPhamThuoc" time="2.433" errors="0" timestamp="2021-11-27T16:47:39 ICT">
  <testcase classname="com.poly.TestCase.SanPhamThuocTest" name="SPT_TC001_findByIDSuccess" time="0.18"/>
  <testcase classname="com.poly.TestCase.SanPhamThuocTest" name="SPT_TC002_findByIDFailed" time="0.04"/>
  <testcase classname="com.poly.TestCase.SanPhamThuocTest" name="SPT_TC003_findByIDFailed" time="0.042"/>
  <testcase classname="com.poly.TestCase.SanPhamThuocTest" name="SPT_TC004_findByIDThuocSuccess" time="0.047"/>
  <testcase classname="com.poly.TestCase.SanPhamThuocTest" name="SPT_TC005_findByIDThuocFailed" time="0.047"/>
  <testcase classname="com.poly.TestCase.SanPhamThuocTest" name="SPT_TC006_findByIDThuocFailed" time="0.032"/>
  <testcase classname="com.poly.TestCase.SanPhamThuocTest" name="SPT_TC007_findConHangSuccess" time="0.05"/>
  <testcase classname="com.poly.TestCase.SanPhamThuocTest" name="SPT_TC008_findConHangFailed" time="0.068"/>
  <testcase classname="com.poly.TestCase.SanPhamThuocTest" name="SPT_TC009_findSoLuongSuccess" time="0.063"/>
  <testcase classname="com.poly.TestCase.SanPhamThuocTest" name="SPT_TC010_findSoLuongFailed" time="0.054"/>
  <testcase classname="com.poly.TestCase.SanPhamThuocTest" name="SPT_TC011_InsertSuccess" time="0.239"/>
  <testcase classname="com.poly.TestCase.SanPhamThuocTest" name="SPT_TC012_InsertFailed" time="0.001"/>
  <testcase classname="com.poly.TestCase.SanPhamThuocTest" name="SPT_TC013_InsertFailed" time="0.003"/>
  <testcase classname="com.poly.TestCase.SanPhamThuocTest" name="SPT_TC014_selectallSuccess" time="0.069"/>
  <testcase classname="com.poly.TestCase.SanPhamThuocTest" name="SPT_TC015_selectallFailed" time="0.052"/>
  <testcase classname="com.poly.TestCase.SanPhamThuocTest" name="SPT_TC016_UpdateSuccess" time="0.143"/>
  <testcase classname="com.poly.TestCase.SanPhamThuocTest" name="SPT_TC017_UpdateFailed" time="0.001"/>
  <testcase classname="com.poly.TestCase.SanPhamThuocTest" name="SPT_TC018_UpdateFailed" time="0.001"/>
  <testcase classname="com.poly.TestCase.SanPhamThuocTest" name="SPT_TC019_InsertFailed" time="0.002"/>
  <testcase classname="com.poly.TestCase.SanPhamThuocTest" name="SPT_TC020_InsertFailed" time="0.001"/>
  <testcase classname="com.poly.TestCase.SanPhamThuocTest" name="SPT_TC021_InsertFailed" time="0.002"/>
  <testcase classname="com.poly.TestCase.SanPhamThuocTest" name="SPT_TC022_UpdateFailed" time="0.001"/>
  <testcase classname="com.poly.TestCase.SanPhamThuocTest" name="SPT_TC023_UpdateFailed" time="0.112"/>
  <testcase classname="com.poly.TestCase.SanPhamThuocTest" name="SPT_TC024_UpdateFailed" time="0.001"/>
  <testcase classname="com.poly.TestCase.SanPhamThuocTest" name="SPT_TC025_UpdateFailed" time="0.001"/>
  <testcase classname="com.poly.TestCase.SanPhamThuocTest" name="SPT_TC026_UpdateFailed" time="0.005"/>
  <testcase classname="com.poly.TestCase.SanPhamThuocTest" name="SPT_TC027_UpdateFailed" time="0.134"/>
</testsuite> <!-- TestNGSanPhamThuoc -->
