<?xml version="1.0" encoding="UTF-8"?>
<!-- Generated by org.testng.reporters.JUnitXMLReporter -->
<testsuite ignored="0" hostname="LAPTOP-QQ0D4I19" failures="0" tests="18" name="TestNgTraHang" time="1.611" errors="0" timestamp="2021-11-27T20:55:54 ICT">
  <testcase classname="com.poly.TestCase.TraHangTest" name="TH_TC001_find_ByDateSuccess" time="0.196"/>
  <testcase classname="com.poly.TestCase.TraHangTest" name="TH_TC002_find_ByDateFailed" time="0.034"/>
  <testcase classname="com.poly.TestCase.TraHangTest" name="TH_TC003_find_ByIDSuccess" time="0.035"/>
  <testcase classname="com.poly.TestCase.TraHangTest" name="TH_TC004_find_ByIDFailed" time="0.04"/>
  <testcase classname="com.poly.TestCase.TraHangTest" name="TH_TC005_find_ByDateFailed" time="0.039"/>
  <testcase classname="com.poly.TestCase.TraHangTest" name="TH_TC006_find_BytowSuccess" time="0.044"/>
  <testcase classname="com.poly.TestCase.TraHangTest" name="TH_TC007_find_BytowFailed" time="0.051"/>
  <testcase classname="com.poly.TestCase.TraHangTest" name="TH_TC008_find_BytowFailed" time="0.052"/>
  <testcase classname="com.poly.TestCase.TraHangTest" name="TH_TC009_find_BytowFailed" time="0.077"/>
  <testcase classname="com.poly.TestCase.TraHangTest" name="TH_TC010_insertFailed" time="0.076"/>
  <testcase classname="com.poly.TestCase.TraHangTest" name="TH_TC012_insertFailed" time="0.121"/>
  <testcase classname="com.poly.TestCase.TraHangTest" name="TH_TC013_insertFailed" time="0.004"/>
  <testcase classname="com.poly.TestCase.TraHangTest" name="TH_TC014_insertFailed" time="0.002"/>
  <testcase classname="com.poly.TestCase.TraHangTest" name="TH_TC015_insertFailed" time="0.002"/>
  <testcase classname="com.poly.TestCase.TraHangTest" name="TH_TC016_insertFailed" time="0.088"/>
  <testcase classname="com.poly.TestCase.TraHangTest" name="TH_TC017_selectallSuccess" time="0.029"/>
  <testcase classname="com.poly.TestCase.TraHangTest" name="TH_TC018_selectallFailed" time="0.023"/>
  <testcase classname="com.poly.TestCase.TraHangTest" name="TH_TC019_insertSuccess" time="0.071"/>
</testsuite> <!-- TestNgTraHang -->
