<?xml version="1.0" encoding="UTF-8"?>
<!-- Generated by org.testng.reporters.JUnitXMLReporter -->
<testsuite ignored="0" hostname="LAPTOP-QQ0D4I19" failures="0" tests="11" name="TestNGTuThuoc" time="1.422" errors="0" timestamp="2021-11-27T16:01:21 ICT">
  <testcase classname="com.poly.TestCase.TuThuocTest" name="TT_TC001_insertSuccess" time="0.061"/>
  <testcase classname="com.poly.TestCase.TuThuocTest" name="TT_TC002_insertFailed" time="0.001"/>
  <testcase classname="com.poly.TestCase.TuThuocTest" name="TT_TC003_insertFailed" time="0.001"/>
  <testcase classname="com.poly.TestCase.TuThuocTest" name="TT_TC004_UpdateSuccess" time="0.077"/>
  <testcase classname="com.poly.TestCase.TuThuocTest" name="TT_TC005_UpdateFailed" time="0.001"/>
  <testcase classname="com.poly.TestCase.TuThuocTest" name="TT_TC006_UpdateFailed" time="0.001"/>
  <testcase classname="com.poly.TestCase.TuThuocTest" name="TT_TC007_DeleteSuccess" time="0.057"/>
  <testcase classname="com.poly.TestCase.TuThuocTest" name="TT_TC008_DeleteFailed" time="0.034"/>
  <testcase classname="com.poly.TestCase.TuThuocTest" name="TT_TC009_FindSuccess" time="0.103"/>
  <testcase classname="com.poly.TestCase.TuThuocTest" name="TT_TC010_FindFailed" time="0.073"/>
  <testcase classname="com.poly.TestCase.TuThuocTest" name="TT_TC011_FindListSuccess" time="0.056"/>
</testsuite> <!-- TestNGTuThuoc -->
