<?xml version="1.0" encoding="UTF-8"?>
<!-- Generated by org.testng.reporters.JUnitXMLReporter -->
<testsuite ignored="0" hostname="LAPTOP-QQ0D4I19" failures="0" tests="11" name="TestNGDonViTinh" time="0.875" errors="0" timestamp="2021-11-27T16:13:24 ICT">
  <testcase classname="com.poly.TestCase.DonViTinhTest" name="DVT_TC001_insertSuccess" time="0.047"/>
  <testcase classname="com.poly.TestCase.DonViTinhTest" name="DVT_TC002_insertFailed" time="0.003"/>
  <testcase classname="com.poly.TestCase.DonViTinhTest" name="DVT_TC003_insertFailed" time="0.001"/>
  <testcase classname="com.poly.TestCase.DonViTinhTest" name="DVT_TC004_UpdateSuccess" time="0.057"/>
  <testcase classname="com.poly.TestCase.DonViTinhTest" name="DVT_TC005_UpdateFailed" time="0.001"/>
  <testcase classname="com.poly.TestCase.DonViTinhTest" name="DVT_TC006_UpdateFailed" time="0.001"/>
  <testcase classname="com.poly.TestCase.DonViTinhTest" name="DVT_TC007_DeleteSuccess" time="0.052"/>
  <testcase classname="com.poly.TestCase.DonViTinhTest" name="DVT_TC008_DeleteFailed" time="0.035"/>
  <testcase classname="com.poly.TestCase.DonViTinhTest" name="DVT_TC009_FindSuccess" time="0.06"/>
  <testcase classname="com.poly.TestCase.DonViTinhTest" name="DVT_TC010_FindFailed" time="0.03"/>
  <testcase classname="com.poly.TestCase.DonViTinhTest" name="DVT_TC011_FindListSuccess" time="0.029"/>
</testsuite> <!-- TestNGDonViTinh -->
