<?xml version="1.0" encoding="UTF-8"?>
<!-- Generated by org.testng.reporters.JUnitXMLReporter -->
<testsuite ignored="0" hostname="LAPTOP-QQ0D4I19" failures="0" tests="11" name="TestNGNhomThuoc" time="0.946" errors="0" timestamp="2021-11-27T16:01:14 ICT">
  <testcase classname="com.poly.TestCase.NhomThuocTest" name="NT_TC001_insertSuccess" time="0.054"/>
  <testcase classname="com.poly.TestCase.NhomThuocTest" name="NT_TC002_insertFailed" time="0.002"/>
  <testcase classname="com.poly.TestCase.NhomThuocTest" name="NT_TC003_insertFailed" time="0.0"/>
  <testcase classname="com.poly.TestCase.NhomThuocTest" name="NT_TC004_UpdateSuccess" time="0.082"/>
  <testcase classname="com.poly.TestCase.NhomThuocTest" name="NT_TC005_UpdateFailed" time="0.001"/>
  <testcase classname="com.poly.TestCase.NhomThuocTest" name="NT_TC006_UpdateFailed" time="0.002"/>
  <testcase classname="com.poly.TestCase.NhomThuocTest" name="NT_TC007_DeleteSuccess" time="0.041"/>
  <testcase classname="com.poly.TestCase.NhomThuocTest" name="NT_TC008_DeleteFailed" time="0.038"/>
  <testcase classname="com.poly.TestCase.NhomThuocTest" name="NT_TC009_FindSuccess" time="0.058"/>
  <testcase classname="com.poly.TestCase.NhomThuocTest" name="TT_TC010_FindFailed" time="0.033"/>
  <testcase classname="com.poly.TestCase.NhomThuocTest" name="TT_TC011_FindListSuccess" time="0.034"/>
</testsuite> <!-- TestNGNhomThuoc -->
