<?xml version="1.0" encoding="UTF-8"?>
<!-- Generated by org.testng.reporters.JUnitXMLReporter -->
<testsuite ignored="0" hostname="LAPTOP-QQ0D4I19" failures="0" tests="11" name="TestNGPhieuChi" time="1.775" errors="0" timestamp="2021-11-27T21:35:52 ICT">
  <testcase classname="com.poly.TestCase.PhieuChiTest" name="PC_TC001_find_ByDateSuccess" time="0.363"/>
  <testcase classname="com.poly.TestCase.PhieuChiTest" name="PC_TC002_find_ByDateFailed" time="0.044"/>
  <testcase classname="com.poly.TestCase.PhieuChiTest" name="PC_TC003_find_ByDateFailed" time="0.002"/>
  <testcase classname="com.poly.TestCase.PhieuChiTest" name="PC_TC004_insertFailed" time="0.003"/>
  <testcase classname="com.poly.TestCase.PhieuChiTest" name="PC_TC004_insertSuccess" time="0.128"/>
  <testcase classname="com.poly.TestCase.PhieuChiTest" name="PC_TC005_insertFailed" time="0.001"/>
  <testcase classname="com.poly.TestCase.PhieuChiTest" name="PC_TC006_insertFailed" time="0.057"/>
  <testcase classname="com.poly.TestCase.PhieuChiTest" name="PC_TC007_insertFailed" time="0.001"/>
  <testcase classname="com.poly.TestCase.PhieuChiTest" name="PC_TC008_insertFailed" time="0.001"/>
  <testcase classname="com.poly.TestCase.PhieuChiTest" name="PC_TC009_selectallSuccess" time="0.05"/>
  <testcase classname="com.poly.TestCase.PhieuChiTest" name="PC_TC010_selectallFailed" time="0.043"/>
</testsuite> <!-- TestNGPhieuChi -->
