<?xml version="1.0" encoding="UTF-8"?>
<!-- Generated by org.testng.reporters.JUnitXMLReporter -->
<testsuite ignored="0" hostname="LAPTOP-QQ0D4I19" failures="0" tests="3" name="TestNgLogin" time="8.486" errors="0" timestamp="2021-11-29T09:33:40 ICT">
  <testcase classname="com.poly.TestCase.Login" name="lauchWebsite" time="3.801"/>
  <testcase classname="com.poly.TestCase.Login" name="filllogin" time="1.192"/>
  <testcase classname="com.poly.TestCase.Login" name="dologin" time="1.052"/>
</testsuite> <!-- TestNgLogin -->
