<?xml version="1.0" encoding="UTF-8"?>
<!-- Generated by org.testng.reporters.JUnitXMLReporter -->
<testsuite ignored="0" hostname="LAPTOP-QQ0D4I19" failures="0" tests="17" name="TestNGThuoc" time="1.172" errors="0" timestamp="2021-11-27T17:07:47 ICT">
  <testcase classname="com.poly.TestCase.ThuocTest" name="TTT_TC0010_insertFailed" time="0.006"/>
  <testcase classname="com.poly.TestCase.ThuocTest" name="TTT_TC001_findByIDSuccess" time="0.168"/>
  <testcase classname="com.poly.TestCase.ThuocTest" name="TTT_TC002_findByIDFailed" time="0.033"/>
  <testcase classname="com.poly.TestCase.ThuocTest" name="TTT_TC003_findByIDFailed" time="0.029"/>
  <testcase classname="com.poly.TestCase.ThuocTest" name="TTT_TC004_findByIDNhomThuocSuccess" time="0.035"/>
  <testcase classname="com.poly.TestCase.ThuocTest" name="TTT_TC005_findByIDNhomThuocFailed" time="0.001"/>
  <testcase classname="com.poly.TestCase.ThuocTest" name="TTT_TC006_findByIDNhomThuocFailed" time="0.032"/>
  <testcase classname="com.poly.TestCase.ThuocTest" name="TTT_TC007_insertSuccess" time="0.042"/>
  <testcase classname="com.poly.TestCase.ThuocTest" name="TTT_TC008_insertFailed" time="0.001"/>
  <testcase classname="com.poly.TestCase.ThuocTest" name="TTT_TC009_insertFailed" time="0.001"/>
  <testcase classname="com.poly.TestCase.ThuocTest" name="TTT_TC011_insertFailed" time="0.001"/>
  <testcase classname="com.poly.TestCase.ThuocTest" name="TTT_TC012_updateSuccess" time="0.069"/>
  <testcase classname="com.poly.TestCase.ThuocTest" name="TTT_TC013_updateFailed" time="0.036"/>
  <testcase classname="com.poly.TestCase.ThuocTest" name="TTT_TC014_updateFailed" time="0.001"/>
  <testcase classname="com.poly.TestCase.ThuocTest" name="TTT_TC015_updateFailed" time="0.001"/>
  <testcase classname="com.poly.TestCase.ThuocTest" name="TTT_TC016_selectallSuccess" time="0.037"/>
  <testcase classname="com.poly.TestCase.ThuocTest" name="TTT_TC017_selectallFailed" time="0.044"/>
</testsuite> <!-- TestNGThuoc -->
