<?xml version="1.0" encoding="UTF-8"?>
<!-- Generated by org.testng.reporters.JUnitXMLReporter -->
<testsuite ignored="0" hostname="LAPTOP-QQ0D4I19" failures="0" tests="4" name="TestNGNhapHangCT" time="0.976" errors="0" timestamp="2021-11-29T09:28:38 ICT">
  <testcase classname="com.poly.TestCase.NhapHangCTTest" name="NHCT_TC001_insertSuccess" time="0.24"/>
  <testcase classname="com.poly.TestCase.NhapHangCTTest" name="NHCT_TC002_insertFailed" time="0.081"/>
  <testcase classname="com.poly.TestCase.NhapHangCTTest" name="NHCT_TC003_insertFailed" time="0.001"/>
  <testcase classname="com.poly.TestCase.NhapHangCTTest" name="NHCT_TC04_insertFalse" time="0.002"/>
</testsuite> <!-- TestNGNhapHangCT -->
