<?xml version="1.0" encoding="UTF-8"?>
<!-- Generated by org.testng.reporters.JUnitXMLReporter -->
<testsuite ignored="0" hostname="LAPTOP-QQ0D4I19" failures="0" tests="19" name="TestNGHoaDonBan" time="0.99" errors="0" timestamp="2021-11-26T13:50:36 ICT">
  <testcase classname="com.poly.TestCase.HoaDonBanHangTest" name="NH_TC001_find_ByDateSuccess" time="0.1"/>
  <testcase classname="com.poly.TestCase.HoaDonBanHangTest" name="NH_TC002_find_ByDateFailed" time="0.001"/>
  <testcase classname="com.poly.TestCase.HoaDonBanHangTest" name="NH_TC003_find_ByIDSuccess" time="0.034"/>
  <testcase classname="com.poly.TestCase.HoaDonBanHangTest" name="NH_TC004_find_ByIDFailed" time="0.033"/>
  <testcase classname="com.poly.TestCase.HoaDonBanHangTest" name="NH_TC005_find_ByDateFailed" time="0.026"/>
  <testcase classname="com.poly.TestCase.HoaDonBanHangTest" name="NH_TC006_find_BytowSuccess" time="0.033"/>
  <testcase classname="com.poly.TestCase.HoaDonBanHangTest" name="NH_TC007_find_BytowFailed" time="0.029"/>
  <testcase classname="com.poly.TestCase.HoaDonBanHangTest" name="NH_TC008_find_BytowFailed" time="0.029"/>
  <testcase classname="com.poly.TestCase.HoaDonBanHangTest" name="NH_TC009_find_BytowFailed" time="0.028"/>
  <testcase classname="com.poly.TestCase.HoaDonBanHangTest" name="NH_TC009_insertSuccess" time="0.127"/>
  <testcase classname="com.poly.TestCase.HoaDonBanHangTest" name="NH_TC010_insertFailed" time="0.001"/>
  <testcase classname="com.poly.TestCase.HoaDonBanHangTest" name="NH_TC011_insertFailed" time="0.001"/>
  <testcase classname="com.poly.TestCase.HoaDonBanHangTest" name="NH_TC012_insertFailed" time="0.066"/>
  <testcase classname="com.poly.TestCase.HoaDonBanHangTest" name="NH_TC013_insertFailed" time="0.001"/>
  <testcase classname="com.poly.TestCase.HoaDonBanHangTest" name="NH_TC014_insertFailed" time="0.001"/>
  <testcase classname="com.poly.TestCase.HoaDonBanHangTest" name="NH_TC015_insertFailed" time="0.0"/>
  <testcase classname="com.poly.TestCase.HoaDonBanHangTest" name="NH_TC016_insertFailed" time="0.065"/>
  <testcase classname="com.poly.TestCase.HoaDonBanHangTest" name="NH_TC017_selectallSuccess" time="0.029"/>
  <testcase classname="com.poly.TestCase.HoaDonBanHangTest" name="NH_TC018_selectallFailed" time="0.025"/>
</testsuite> <!-- TestNGHoaDonBan -->
