<?xml version="1.0" encoding="UTF-8"?>
<!-- Generated by org.testng.reporters.JUnitXMLReporter -->
<testsuite ignored="0" hostname="LAPTOP-QQ0D4I19" failures="0" tests="19" name="TestNGBanHang" time="1.165" errors="0" timestamp="2021-11-27T20:34:36 ICT">
  <testcase classname="com.poly.TestCase.BanHangTest" name="BH_TC001_find_ByDateSuccess" time="0.106"/>
  <testcase classname="com.poly.TestCase.BanHangTest" name="BH_TC002_find_ByDateFailed" time="0.0"/>
  <testcase classname="com.poly.TestCase.BanHangTest" name="BH_TC003_find_ByIDSuccess" time="0.025"/>
  <testcase classname="com.poly.TestCase.BanHangTest" name="BH_TC004_find_ByIDFailed" time="0.031"/>
  <testcase classname="com.poly.TestCase.BanHangTest" name="BH_TC005_find_ByDateFailed" time="0.026"/>
  <testcase classname="com.poly.TestCase.BanHangTest" name="BH_TC006_find_BytowSuccess" time="0.024"/>
  <testcase classname="com.poly.TestCase.BanHangTest" name="BH_TC007_find_BytowFailed" time="0.031"/>
  <testcase classname="com.poly.TestCase.BanHangTest" name="BH_TC008_find_BytowFailed" time="0.03"/>
  <testcase classname="com.poly.TestCase.BanHangTest" name="BH_TC009_find_BytowFailed" time="0.031"/>
  <testcase classname="com.poly.TestCase.BanHangTest" name="BH_TC010_insertFailed" time="0.031"/>
  <testcase classname="com.poly.TestCase.BanHangTest" name="BH_TC011_insertFailed" time="0.002"/>
  <testcase classname="com.poly.TestCase.BanHangTest" name="BH_TC012_insertFailed" time="0.073"/>
  <testcase classname="com.poly.TestCase.BanHangTest" name="BH_TC013_insertFailed" time="0.002"/>
  <testcase classname="com.poly.TestCase.BanHangTest" name="BH_TC014_insertFailed" time="0.002"/>
  <testcase classname="com.poly.TestCase.BanHangTest" name="BH_TC015_insertFailed" time="0.001"/>
  <testcase classname="com.poly.TestCase.BanHangTest" name="BH_TC016_insertFailed" time="0.066"/>
  <testcase classname="com.poly.TestCase.BanHangTest" name="BH_TC017_selectallSuccess" time="0.03"/>
  <testcase classname="com.poly.TestCase.BanHangTest" name="BH_TC018_selectallFailed" time="0.026"/>
  <testcase classname="com.poly.TestCase.BanHangTest" name="BH_TC019_insertSuccess" time="0.075"/>
</testsuite> <!-- TestNGBanHang -->
